28-07-2020 11:28:26 INFO  TestBase:152 - ---------------------Login inot application with valid credential --------------
28-07-2020 11:28:26 INFO  WebEventListener:122 - Trying to find element By:By.xpath: //input[@id='usernameField']
28-07-2020 11:28:26 INFO  WebEventListener:122 - Found element By:By.xpath: //input[@id='usernameField']
28-07-2020 11:28:26 INFO  WebEventListener:122 - Value of the WebElement [[ChromeDriver: chrome on WINDOWS (9abb92d1abfa721de449fd8e262482a1)] -> xpath: //input[@id='usernameField']] before any changes
28-07-2020 11:28:26 INFO  WebEventListener:122 - Value changed to [[ChromeDriver: chrome on WINDOWS (9abb92d1abfa721de449fd8e262482a1)] -> xpath: //input[@id='usernameField']]
28-07-2020 11:28:26 INFO  WebEventListener:122 - Trying to find element By:By.xpath: //input[@id='usernameField']
28-07-2020 11:28:26 INFO  WebEventListener:122 - Found element By:By.xpath: //input[@id='usernameField']
28-07-2020 11:28:26 INFO  TestBase:152 - Entered email address pushpraj0906@gmail.com and object is:[[ChromeDriver: chrome on WINDOWS (9abb92d1abfa721de449fd8e262482a1)] -> xpath: //input[@id='usernameField']]
28-07-2020 11:28:26 INFO  WebEventListener:122 - Trying to find element By:By.xpath: //input[@id='passwordField']
28-07-2020 11:28:27 INFO  WebEventListener:122 - Found element By:By.xpath: //input[@id='passwordField']
28-07-2020 11:28:27 INFO  WebEventListener:122 - Value of the WebElement [[ChromeDriver: chrome on WINDOWS (9abb92d1abfa721de449fd8e262482a1)] -> xpath: //input[@id='passwordField']] before any changes
28-07-2020 11:28:27 INFO  WebEventListener:122 - Value changed to [[ChromeDriver: chrome on WINDOWS (9abb92d1abfa721de449fd8e262482a1)] -> xpath: //input[@id='passwordField']]
28-07-2020 11:28:27 INFO  WebEventListener:122 - Trying to find element By:By.xpath: //input[@id='passwordField']
28-07-2020 11:28:27 INFO  WebEventListener:122 - Found element By:By.xpath: //input[@id='passwordField']
28-07-2020 11:28:27 INFO  TestBase:152 - Entered email address HariOm@2020 and object is:[[ChromeDriver: chrome on WINDOWS (9abb92d1abfa721de449fd8e262482a1)] -> xpath: //input[@id='passwordField']]
28-07-2020 11:28:27 INFO  WebEventListener:122 - Trying to find element By:By.xpath: //button[@class='waves-effect waves-light btn-large btn-block btn-bold blue-btn textTransform']
28-07-2020 11:28:27 INFO  WebEventListener:122 - Found element By:By.xpath: //button[@class='waves-effect waves-light btn-large btn-block btn-bold blue-btn textTransform']
28-07-2020 11:28:27 INFO  WebEventListener:122 - Clicked On: [[ChromeDriver: chrome on WINDOWS (9abb92d1abfa721de449fd8e262482a1)] -> xpath: //button[@class='waves-effect waves-light btn-large btn-block btn-bold blue-btn textTransform']]
28-07-2020 11:28:27 INFO  WebEventListener:122 - Trying to find element By:By.xpath: //button[@class='waves-effect waves-light btn-large btn-block btn-bold blue-btn textTransform']
28-07-2020 11:28:27 INFO  WebEventListener:122 - Found element By:By.xpath: //button[@class='waves-effect waves-light btn-large btn-block btn-bold blue-btn textTransform']
28-07-2020 11:28:27 INFO  TestBase:152 - Clicked on Submit button and object is:[[ChromeDriver: chrome on WINDOWS (9abb92d1abfa721de449fd8e262482a1)] -> xpath: //button[@class='waves-effect waves-light btn-large btn-block btn-bold blue-btn textTransform']]
28-07-2020 11:28:33 INFO  WebEventListener:122 - Trying to find element By:By.xpath: //div[@class='profile-section-wrapper']//div//a//div//img[@class='circle nk-userdp']
28-07-2020 11:28:33 INFO  WebEventListener:122 - Found element By:By.xpath: //div[@class='profile-section-wrapper']//div//a//div//img[@class='circle nk-userdp']
28-07-2020 11:28:33 INFO  WebEventListener:122 - Clicked On: [[ChromeDriver: chrome on WINDOWS (9abb92d1abfa721de449fd8e262482a1)] -> xpath: //div[@class='profile-section-wrapper']//div//a//div//img[@class='circle nk-userdp']]
28-07-2020 11:28:33 INFO  TestBase:152 - --------------Navigated to Profile Page-----------------
28-07-2020 11:28:33 INFO  TestBase:152 - --------------Verify profile Page title-----------------
28-07-2020 11:28:38 INFO  TestBase:152 - -----Profile page title displayed successfully with title Profile | Mynaukri
28-07-2020 11:28:39 INFO  TestBase:152 - ---------------------Delete Resume --------------
28-07-2020 11:28:42 INFO  WebEventListener:122 - Trying to find element By:By.xpath: //a[contains(text(),'DELETE RESUME')]
28-07-2020 11:28:42 INFO  WebEventListener:122 - Found element By:By.xpath: //a[contains(text(),'DELETE RESUME')]
28-07-2020 11:28:42 INFO  WebEventListener:122 - Clicked On: [[ChromeDriver: chrome on WINDOWS (9abb92d1abfa721de449fd8e262482a1)] -> xpath: //a[contains(text(),'DELETE RESUME')]]
28-07-2020 11:28:45 INFO  WebEventListener:122 - Trying to find element By:By.xpath: //p[text()='Are you sure you want to delete the Resume?']/following-sibling::div//button[text()='DELETE']
28-07-2020 11:28:45 INFO  WebEventListener:122 - Found element By:By.xpath: //p[text()='Are you sure you want to delete the Resume?']/following-sibling::div//button[text()='DELETE']
28-07-2020 11:28:45 INFO  WebEventListener:122 - Clicked On: [[ChromeDriver: chrome on WINDOWS (9abb92d1abfa721de449fd8e262482a1)] -> xpath: //p[text()='Are you sure you want to delete the Resume?']/following-sibling::div//button[text()='DELETE']]
28-07-2020 11:28:48 INFO  WebEventListener:122 - Trying to find element By:By.xpath: //p[contains(text(),'Attached Resume has been successfully deleted.')]
28-07-2020 11:28:48 INFO  WebEventListener:122 - Found element By:By.xpath: //p[contains(text(),'Attached Resume has been successfully deleted.')]
28-07-2020 11:28:48 INFO  TestBase:152 - ---------------------Resume Deleted Successfully --------------
28-07-2020 11:28:49 INFO  TestBase:152 - ---------------------Upload Resume --------------
28-07-2020 11:28:52 INFO  WebEventListener:122 - Trying to find element By:By.xpath: //input[@id='attachCV']
28-07-2020 11:28:52 INFO  WebEventListener:122 - Found element By:By.xpath: //input[@id='attachCV']
28-07-2020 11:28:52 INFO  WebEventListener:122 - Value of the WebElement [[ChromeDriver: chrome on WINDOWS (9abb92d1abfa721de449fd8e262482a1)] -> xpath: //input[@id='attachCV']] before any changes
28-07-2020 11:28:52 INFO  WebEventListener:122 - Value changed to [[ChromeDriver: chrome on WINDOWS (9abb92d1abfa721de449fd8e262482a1)] -> xpath: //input[@id='attachCV']]
28-07-2020 11:28:59 INFO  TestBase:152 - Browser Closed
